Label                            MRCC              HTCC              Difference        Sign
1b -> 3b                          0.0010856242    -0.0010856242     0.0000000000    INVERTED
1b -> 5b                          0.0000837429     0.0000837429     0.0000000000    
2b -> 4b                          0.0005488288    -0.0005488288     0.0000000001    INVERTED
2b -> 10b                        -0.0000938829     0.0000938829     0.0000000000    INVERTED
1a -> 3a                          0.0010856242    -0.0010856242     0.0000000000    INVERTED
1a -> 5a                          0.0000837429     0.0000837429     0.0000000000    
2a -> 4a                          0.0005488288    -0.0005488288     0.0000000001    INVERTED
2a -> 10a                        -0.0000938829     0.0000938829     0.0000000000    INVERTED
1b 2b -> 3b 4b                    0.0002970091     0.0002970090     0.0000000001    
1b 2b -> 4b 5b                   -0.0011261021     0.0011261021     0.0000000000    INVERTED
1b 2b -> 6b 8b                   -0.0007049464     0.0006701973     0.0000347492    INVERTED
1b 2b -> 7b 9b                   -0.0007049464    -0.0006701973     0.0000347492    
1b 2b -> 3b 10b                  -0.0009786184    -0.0009786184     0.0000000000    
1b 2b -> 5b 10b                  -0.0012343762     0.0012343762     0.0000000000    INVERTED
1a 1b -> 3a 3b                   -0.0340890319    -0.0340890317     0.0000000001    
1a 1b -> 5a 3b                   -0.0000780486     0.0000780487     0.0000000000    INVERTED
1a 1b -> 3a 5b                   -0.0000780486     0.0000780487     0.0000000000    INVERTED
1a 1b -> 5a 5b                   -0.0166949783    -0.0166949783     0.0000000000    
2a 2b -> 3a 3b                   -0.0374108720    -0.0374108720     0.0000000000    
2a 2b -> 5a 3b                    0.0000829714    -0.0000829715     0.0000000000    INVERTED
2a 2b -> 3a 5b                    0.0000829714    -0.0000829715     0.0000000000    INVERTED
2a 2b -> 5a 5b                   -0.0158205674    -0.0158205674     0.0000000000    
1a 1b -> 9a 9b                   -0.0153082431    -0.0153082432     0.0000000000    
2a 2b -> 9a 9b                   -0.0169294699    -0.0169294699     0.0000000000    
1a 1b -> 8a 8b                   -0.0153082431    -0.0153082432     0.0000000000    
2a 2b -> 8a 8b                   -0.0169294699    -0.0169294699     0.0000000000    
1a 1b -> 4a 4b                   -0.0277903347    -0.0277903349     0.0000000002    
1a 1b -> 10a 4b                  -0.0001435881    -0.0001435881     0.0000000000    
1a 1b -> 4a 10b                  -0.0001435881    -0.0001435881     0.0000000000    
1a 1b -> 10a 10b                 -0.0148530973    -0.0148530973     0.0000000000    
2a 2b -> 4a 4b                   -0.0306676612    -0.0306676611     0.0000000002    
2a 2b -> 10a 4b                   0.0001234090     0.0001234090     0.0000000000    
2a 2b -> 4a 10b                   0.0001234090     0.0001234090     0.0000000000    
2a 2b -> 10a 10b                 -0.0165056050    -0.0165056050     0.0000000000    
1a 1b -> 6a 6b                   -0.0160344773    -0.0160344774     0.0000000000    
2a 2b -> 6a 6b                   -0.0162459879    -0.0162459879     0.0000000000    
1a 1b -> 7a 7b                   -0.0160344773    -0.0160344774     0.0000000000    
2a 2b -> 7a 7b                   -0.0162459879    -0.0162459879     0.0000000000    
1a 2b -> 3a 4b                   -0.0312505436    -0.0312505436     0.0000000000    
1a 2b -> 5a 4b                    0.0053069951    -0.0053069951     0.0000000000    INVERTED
1a 2b -> 3a 10b                  -0.0055127828    -0.0055127828     0.0000000000    
1a 2b -> 5a 10b                  -0.0161735799     0.0161735799     0.0000000000    INVERTED
2a 1b -> 3a 4b                   -0.0315475526    -0.0315475526     0.0000000001    
2a 1b -> 5a 4b                    0.0041808930    -0.0041808930     0.0000000000    INVERTED
2a 1b -> 3a 10b                  -0.0045341644    -0.0045341644     0.0000000000    
2a 1b -> 5a 10b                  -0.0149392037     0.0149392037     0.0000000000    INVERTED
1a 2b -> 9a 7b                   -0.0157783880    -0.0150006186     0.0007777694    
2a 1b -> 9a 7b                   -0.0164833345    -0.0156708159     0.0008125186    
1a 2b -> 8a 6b                   -0.0157783880     0.0150006186     0.0007777694    INVERTED
2a 1b -> 8a 6b                   -0.0164833345     0.0156708159     0.0008125186    INVERTED
1a 2b -> 4a 3b                   -0.0315475526    -0.0315475526     0.0000000001    
1a 2b -> 10a 3b                  -0.0045341644    -0.0045341644     0.0000000000    
1a 2b -> 4a 5b                    0.0041808930    -0.0041808930     0.0000000000    INVERTED
1a 2b -> 10a 5b                  -0.0149392037     0.0149392037     0.0000000000    INVERTED
2a 1b -> 4a 3b                   -0.0312505436    -0.0312505436     0.0000000000    
2a 1b -> 10a 3b                  -0.0055127828    -0.0055127828     0.0000000000    
2a 1b -> 4a 5b                    0.0053069951    -0.0053069951     0.0000000000    INVERTED
2a 1b -> 10a 5b                  -0.0161735799     0.0161735799     0.0000000000    INVERTED
1a 2b -> 6a 8b                   -0.0164833345     0.0156708159     0.0008125186    INVERTED
2a 1b -> 6a 8b                   -0.0157783880     0.0150006186     0.0007777694    INVERTED
1a 2b -> 7a 9b                   -0.0164833345    -0.0156708159     0.0008125186    
2a 1b -> 7a 9b                   -0.0157783880    -0.0150006186     0.0007777694    
1a 2a -> 3a 4a                    0.0002970091     0.0002970090     0.0000000001    
1a 2a -> 4a 5a                   -0.0011261021     0.0011261021     0.0000000000    INVERTED
1a 2a -> 6a 8a                   -0.0007049464     0.0006701973     0.0000347492    INVERTED
1a 2a -> 7a 9a                   -0.0007049464    -0.0006701973     0.0000347492    
1a 2a -> 3a 10a                  -0.0009786184    -0.0009786184     0.0000000000    
1a 2a -> 5a 10a                  -0.0012343762     0.0012343762     0.0000000000    INVERTED
2a 1b 2b -> 3a 3b 5b             -0.0001670306    -0.0001670306     0.0000000000    
2a 1b 2b -> 5a 3b 5b              0.0000236595    -0.0000236595     0.0000000000    INVERTED
2a 1b 2b -> 3a 4b 10b            -0.0000054527     0.0000054527     0.0000000000    INVERTED
2a 1b 2b -> 5a 4b 10b            -0.0000148799    -0.0000148799     0.0000000000    
2a 1b 2b -> 9a 4b 7b             -0.0000668423     0.0000635474     0.0000032949    INVERTED
2a 1b 2b -> 9a 3b 9b              0.0000774212    -0.0000774212     0.0000000000    INVERTED
2a 1b 2b -> 9a 5b 9b              0.0000160195     0.0000160195     0.0000000000    
2a 1b 2b -> 9a 7b 10b             0.0000189432    -0.0000180094     0.0000009338    INVERTED
2a 1b 2b -> 8a 4b 6b             -0.0000668423    -0.0000635474     0.0000032949    
2a 1b 2b -> 8a 3b 8b              0.0000774212    -0.0000774212     0.0000000000    INVERTED
2a 1b 2b -> 8a 5b 8b              0.0000160195     0.0000160195     0.0000000000    
2a 1b 2b -> 8a 6b 10b             0.0000189432     0.0000180094     0.0000009338    
2a 1b 2b -> 4a 3b 4b              0.0002627430    -0.0002627429     0.0000000000    INVERTED
2a 1b 2b -> 10a 3b 4b             0.0000823738    -0.0000823738     0.0000000000    INVERTED
2a 1b 2b -> 4a 4b 5b              0.0000904153     0.0000904153     0.0000000000    
2a 1b 2b -> 10a 4b 5b            -0.0000405783    -0.0000405783     0.0000000000    
2a 1b 2b -> 4a 6b 8b              0.0000221284     0.0000210376     0.0000010908    
2a 1b 2b -> 10a 6b 8b             0.0000136778     0.0000130036     0.0000006742    
2a 1b 2b -> 4a 7b 9b              0.0000221284    -0.0000210376     0.0000010908    INVERTED
2a 1b 2b -> 10a 7b 9b             0.0000136778    -0.0000130036     0.0000006742    INVERTED
2a 1b 2b -> 4a 3b 10b             0.0000769210    -0.0000769210     0.0000000000    INVERTED
2a 1b 2b -> 10a 3b 10b            0.0000947164    -0.0000947164     0.0000000000    INVERTED
2a 1b 2b -> 4a 5b 10b             0.0000256984     0.0000256984     0.0000000000    
2a 1b 2b -> 10a 5b 10b            0.0000589552     0.0000589552     0.0000000000    
2a 1b 2b -> 6a 3b 6b              0.0000514066    -0.0000514066     0.0000000000    INVERTED
2a 1b 2b -> 6a 5b 6b              0.0000072233     0.0000072233     0.0000000000    
2a 1b 2b -> 6a 4b 8b             -0.0000447139    -0.0000425098     0.0000022041    
2a 1b 2b -> 6a 8b 10b             0.0000052653     0.0000050058     0.0000002595    
2a 1b 2b -> 7a 3b 7b              0.0000514066    -0.0000514066     0.0000000000    INVERTED
2a 1b 2b -> 7a 5b 7b              0.0000072233     0.0000072233     0.0000000000    
2a 1b 2b -> 7a 4b 9b             -0.0000447139     0.0000425098     0.0000022041    INVERTED
2a 1b 2b -> 7a 9b 10b             0.0000052653    -0.0000050058     0.0000002595    INVERTED
1a 1b 2b -> 3a 3b 4b             -0.0003424387     0.0003424387     0.0000000001    INVERTED
1a 1b 2b -> 5a 3b 4b             -0.0000411767    -0.0000411767     0.0000000000    
1a 1b 2b -> 3a 4b 5b              0.0000850085     0.0000850085     0.0000000000    
1a 1b 2b -> 5a 4b 5b              0.0000115240    -0.0000115240     0.0000000000    INVERTED
1a 1b 2b -> 3a 6b 8b              0.0000237265     0.0000225569     0.0000011696    
1a 1b 2b -> 5a 6b 8b              0.0000083272    -0.0000079167     0.0000004105    INVERTED
1a 1b 2b -> 3a 7b 9b              0.0000237265    -0.0000225569     0.0000011696    INVERTED
1a 1b 2b -> 5a 7b 9b              0.0000083272     0.0000079167     0.0000004105    
1a 1b 2b -> 3a 3b 10b             0.0000151112    -0.0000151112     0.0000000000    INVERTED
1a 1b 2b -> 5a 3b 10b            -0.0000194751    -0.0000194751     0.0000000000    
1a 1b 2b -> 3a 5b 10b             0.0000358961     0.0000358961     0.0000000000    
1a 1b 2b -> 5a 5b 10b            -0.0000126170     0.0000126170     0.0000000000    INVERTED
1a 1b 2b -> 9a 3b 7b             -0.0000738850     0.0000702430     0.0000036420    INVERTED
1a 1b 2b -> 9a 5b 7b             -0.0000180953    -0.0000172034     0.0000008920    
1a 1b 2b -> 9a 4b 9b              0.0000547563    -0.0000547563     0.0000000000    INVERTED
1a 1b 2b -> 9a 9b 10b            -0.0000345104     0.0000345104     0.0000000000    INVERTED
1a 1b 2b -> 8a 3b 6b             -0.0000738850    -0.0000702430     0.0000036420    
1a 1b 2b -> 8a 5b 6b             -0.0000180953     0.0000172034     0.0000008920    INVERTED
1a 1b 2b -> 8a 4b 8b              0.0000547563    -0.0000547563     0.0000000000    INVERTED
1a 1b 2b -> 8a 8b 10b            -0.0000345104     0.0000345104     0.0000000000    INVERTED
1a 1b 2b -> 4a 3b 5b              0.0000438317     0.0000438317     0.0000000000    
1a 1b 2b -> 10a 3b 5b            -0.0000553712    -0.0000553712     0.0000000000    
1a 1b 2b -> 4a 4b 10b            -0.0001562271     0.0001562271     0.0000000000    INVERTED
1a 1b 2b -> 10a 4b 10b            0.0000326562    -0.0000326562     0.0000000000    INVERTED
1a 1b 2b -> 6a 4b 6b              0.0000344281    -0.0000344281     0.0000000000    INVERTED
1a 1b 2b -> 6a 3b 8b             -0.0000501585    -0.0000476861     0.0000024725    
1a 1b 2b -> 6a 5b 8b             -0.0000097681     0.0000092866     0.0000004815    INVERTED
1a 1b 2b -> 6a 6b 10b            -0.0000215251     0.0000215251     0.0000000000    INVERTED
1a 1b 2b -> 7a 4b 7b              0.0000344281    -0.0000344281     0.0000000000    INVERTED
1a 1b 2b -> 7a 3b 9b             -0.0000501585     0.0000476861     0.0000024725    INVERTED
1a 1b 2b -> 7a 5b 9b             -0.0000097681    -0.0000092866     0.0000004815    
1a 1b 2b -> 7a 7b 10b            -0.0000215251     0.0000215251     0.0000000000    INVERTED
1a 2a 2b -> 3a 5a 3b             -0.0001670306    -0.0001670306     0.0000000000    
1a 2a 2b -> 4a 10a 3b            -0.0000054527     0.0000054527     0.0000000000    INVERTED
1a 2a 2b -> 3a 5a 5b              0.0000236595    -0.0000236595     0.0000000000    INVERTED
1a 2a 2b -> 4a 10a 5b            -0.0000148799    -0.0000148799     0.0000000000    
1a 2a 2b -> 4a 7a 9b             -0.0000668423     0.0000635474     0.0000032949    INVERTED
1a 2a 2b -> 3a 9a 9b              0.0000774212    -0.0000774212     0.0000000000    INVERTED
1a 2a 2b -> 5a 9a 9b              0.0000160195     0.0000160195     0.0000000000    
1a 2a 2b -> 7a 10a 9b             0.0000189432    -0.0000180094     0.0000009338    INVERTED
1a 2a 2b -> 4a 6a 8b             -0.0000668423    -0.0000635474     0.0000032949    
1a 2a 2b -> 3a 8a 8b              0.0000774212    -0.0000774212     0.0000000000    INVERTED
1a 2a 2b -> 5a 8a 8b              0.0000160195     0.0000160195     0.0000000000    
1a 2a 2b -> 6a 10a 8b             0.0000189432     0.0000180094     0.0000009338    
1a 2a 2b -> 3a 4a 4b              0.0002627430    -0.0002627429     0.0000000000    INVERTED
1a 2a 2b -> 4a 5a 4b              0.0000904153     0.0000904153     0.0000000000    
1a 2a 2b -> 6a 8a 4b              0.0000221284     0.0000210376     0.0000010908    
1a 2a 2b -> 7a 9a 4b              0.0000221284    -0.0000210376     0.0000010908    INVERTED
1a 2a 2b -> 3a 10a 4b             0.0000769210    -0.0000769210     0.0000000000    INVERTED
1a 2a 2b -> 5a 10a 4b             0.0000256984     0.0000256984     0.0000000000    
1a 2a 2b -> 3a 4a 10b             0.0000823738    -0.0000823738     0.0000000000    INVERTED
1a 2a 2b -> 4a 5a 10b            -0.0000405783    -0.0000405783     0.0000000000    
1a 2a 2b -> 6a 8a 10b             0.0000136778     0.0000130036     0.0000006742    
1a 2a 2b -> 7a 9a 10b             0.0000136778    -0.0000130036     0.0000006742    INVERTED
1a 2a 2b -> 3a 10a 10b            0.0000947164    -0.0000947164     0.0000000000    INVERTED
1a 2a 2b -> 5a 10a 10b            0.0000589552     0.0000589552     0.0000000000    
1a 2a 2b -> 3a 6a 6b              0.0000514066    -0.0000514066     0.0000000000    INVERTED
1a 2a 2b -> 5a 6a 6b              0.0000072233     0.0000072233     0.0000000000    
1a 2a 2b -> 4a 8a 6b             -0.0000447139    -0.0000425098     0.0000022041    
1a 2a 2b -> 8a 10a 6b             0.0000052653     0.0000050058     0.0000002595    
1a 2a 2b -> 3a 7a 7b              0.0000514066    -0.0000514066     0.0000000000    INVERTED
1a 2a 2b -> 5a 7a 7b              0.0000072233     0.0000072233     0.0000000000    
1a 2a 2b -> 4a 9a 7b             -0.0000447139     0.0000425098     0.0000022041    INVERTED
1a 2a 2b -> 9a 10a 7b             0.0000052653    -0.0000050058     0.0000002595    INVERTED
1a 2a 1b -> 3a 5a 4b              0.0000438317     0.0000438317     0.0000000000    
1a 2a 1b -> 4a 10a 4b            -0.0001562271     0.0001562271     0.0000000000    INVERTED
1a 2a 1b -> 3a 5a 10b            -0.0000553712    -0.0000553712     0.0000000000    
1a 2a 1b -> 4a 10a 10b            0.0000326562    -0.0000326562     0.0000000000    INVERTED
1a 2a 1b -> 4a 7a 7b              0.0000344281    -0.0000344281     0.0000000000    INVERTED
1a 2a 1b -> 3a 9a 7b             -0.0000501585     0.0000476861     0.0000024725    INVERTED
1a 2a 1b -> 5a 9a 7b             -0.0000097681    -0.0000092866     0.0000004815    
1a 2a 1b -> 7a 10a 7b            -0.0000215251     0.0000215251     0.0000000000    INVERTED
1a 2a 1b -> 4a 6a 6b              0.0000344281    -0.0000344281     0.0000000000    INVERTED
1a 2a 1b -> 3a 8a 6b             -0.0000501585    -0.0000476861     0.0000024725    
1a 2a 1b -> 5a 8a 6b             -0.0000097681     0.0000092866     0.0000004815    INVERTED
1a 2a 1b -> 6a 10a 6b            -0.0000215251     0.0000215251     0.0000000000    INVERTED
1a 2a 1b -> 3a 4a 3b             -0.0003424387     0.0003424387     0.0000000001    INVERTED
1a 2a 1b -> 4a 5a 3b              0.0000850085     0.0000850085     0.0000000000    
1a 2a 1b -> 6a 8a 3b              0.0000237265     0.0000225569     0.0000011696    
1a 2a 1b -> 7a 9a 3b              0.0000237265    -0.0000225569     0.0000011696    INVERTED
1a 2a 1b -> 3a 10a 3b             0.0000151112    -0.0000151112     0.0000000000    INVERTED
1a 2a 1b -> 5a 10a 3b             0.0000358961     0.0000358961     0.0000000000    
1a 2a 1b -> 3a 4a 5b             -0.0000411767    -0.0000411767     0.0000000000    
1a 2a 1b -> 4a 5a 5b              0.0000115240    -0.0000115240     0.0000000000    INVERTED
1a 2a 1b -> 6a 8a 5b              0.0000083272    -0.0000079167     0.0000004105    INVERTED
1a 2a 1b -> 7a 9a 5b              0.0000083272     0.0000079167     0.0000004105    
1a 2a 1b -> 3a 10a 5b            -0.0000194751    -0.0000194751     0.0000000000    
1a 2a 1b -> 5a 10a 5b            -0.0000126170     0.0000126170     0.0000000000    INVERTED
1a 2a 1b -> 3a 6a 8b             -0.0000738850    -0.0000702430     0.0000036420    
1a 2a 1b -> 5a 6a 8b             -0.0000180953     0.0000172034     0.0000008920    INVERTED
1a 2a 1b -> 4a 8a 8b              0.0000547563    -0.0000547563     0.0000000000    INVERTED
1a 2a 1b -> 8a 10a 8b            -0.0000345104     0.0000345104     0.0000000000    INVERTED
1a 2a 1b -> 3a 7a 9b             -0.0000738850     0.0000702430     0.0000036420    INVERTED
1a 2a 1b -> 5a 7a 9b             -0.0000180953    -0.0000172034     0.0000008920    
1a 2a 1b -> 4a 9a 9b              0.0000547563    -0.0000547563     0.0000000000    INVERTED
1a 2a 1b -> 9a 10a 9b            -0.0000345104     0.0000345104     0.0000000000    INVERTED
1a 2a 1b 2b -> 3a 5a 3b 5b        0.0000007773     0.0000007773     0.0000000000    
1a 2a 1b 2b -> 4a 10a 3b 5b      -0.0000006180     0.0000006180     0.0000000000    INVERTED
1a 2a 1b 2b -> 3a 5a 4b 10b      -0.0000006180     0.0000006180     0.0000000000    INVERTED
1a 2a 1b 2b -> 4a 10a 4b 10b      0.0000010288     0.0000010288     0.0000000000    
1a 2a 1b 2b -> 6a 7a 6b 7b        0.0000002498     0.0000002498     0.0000000000    
1a 2a 1b 2b -> 8a 9a 6b 7b        0.0000002195    -0.0000002195     0.0000000000    INVERTED
1a 2a 1b 2b -> 6a 7a 8b 9b        0.0000002195    -0.0000002195     0.0000000000    INVERTED
1a 2a 1b 2b -> 8a 9a 8b 9b        0.0000003674     0.0000003674     0.0000000000    
1a 2a 1b 2b -> 4a 7a 4b 7b       -0.0000003621    -0.0000003621     0.0000000000    
1a 2a 1b 2b -> 3a 9a 4b 7b        0.0000014970     0.0000014232     0.0000000738    
1a 2a 1b 2b -> 5a 9a 4b 7b        0.0000004660    -0.0000004430     0.0000000230    INVERTED
1a 2a 1b 2b -> 7a 10a 4b 7b      -0.0000002683    -0.0000002683     0.0000000000    
1a 2a 1b 2b -> 4a 7a 3b 9b        0.0000014970     0.0000014232     0.0000000738    
1a 2a 1b 2b -> 3a 9a 3b 9b        0.0000007355     0.0000007355     0.0000000000    
1a 2a 1b 2b -> 5a 9a 3b 9b       -0.0000004925     0.0000004925     0.0000000000    INVERTED
1a 2a 1b 2b -> 7a 10a 3b 9b       0.0000003660     0.0000003479     0.0000000180    
1a 2a 1b 2b -> 4a 7a 5b 9b        0.0000004660    -0.0000004430     0.0000000230    INVERTED
1a 2a 1b 2b -> 3a 9a 5b 9b       -0.0000004925     0.0000004925     0.0000000000    INVERTED
1a 2a 1b 2b -> 5a 9a 5b 9b        0.0000003578     0.0000003578     0.0000000000    
1a 2a 1b 2b -> 7a 10a 5b 9b      -0.0000001036     0.0000000985     0.0000000051    INVERTED
1a 2a 1b 2b -> 4a 7a 7b 10b      -0.0000002683    -0.0000002683     0.0000000000    
1a 2a 1b 2b -> 3a 9a 7b 10b       0.0000003660     0.0000003479     0.0000000180    
1a 2a 1b 2b -> 5a 9a 7b 10b      -0.0000001036     0.0000000985     0.0000000051    INVERTED
1a 2a 1b 2b -> 7a 10a 7b 10b      0.0000004511     0.0000004511     0.0000000000    
1a 2a 1b 2b -> 4a 6a 4b 6b       -0.0000003621    -0.0000003621     0.0000000000    
1a 2a 1b 2b -> 3a 8a 4b 6b        0.0000014970    -0.0000014232     0.0000000738    INVERTED
1a 2a 1b 2b -> 5a 8a 4b 6b        0.0000004660     0.0000004430     0.0000000230    
1a 2a 1b 2b -> 6a 10a 4b 6b      -0.0000002683    -0.0000002683     0.0000000000    
1a 2a 1b 2b -> 4a 6a 3b 8b        0.0000014970    -0.0000014232     0.0000000738    INVERTED
1a 2a 1b 2b -> 3a 8a 3b 8b        0.0000007355     0.0000007355     0.0000000000    
1a 2a 1b 2b -> 5a 8a 3b 8b       -0.0000004925     0.0000004925     0.0000000000    INVERTED
1a 2a 1b 2b -> 6a 10a 3b 8b       0.0000003660    -0.0000003479     0.0000000180    INVERTED
1a 2a 1b 2b -> 4a 6a 5b 8b        0.0000004660     0.0000004430     0.0000000230    
1a 2a 1b 2b -> 3a 8a 5b 8b       -0.0000004925     0.0000004925     0.0000000000    INVERTED
1a 2a 1b 2b -> 5a 8a 5b 8b        0.0000003578     0.0000003578     0.0000000000    
1a 2a 1b 2b -> 6a 10a 5b 8b      -0.0000001036    -0.0000000985     0.0000000051    
1a 2a 1b 2b -> 4a 6a 6b 10b      -0.0000002683    -0.0000002683     0.0000000000    
1a 2a 1b 2b -> 3a 8a 6b 10b       0.0000003660    -0.0000003479     0.0000000180    INVERTED
1a 2a 1b 2b -> 5a 8a 6b 10b      -0.0000001036    -0.0000000985     0.0000000051    
1a 2a 1b 2b -> 6a 10a 6b 10b      0.0000004511     0.0000004511     0.0000000000    
1a 2a 1b 2b -> 7a 8a 7b 8b        0.0000002987     0.0000002757     0.0000000230    
1a 2a 1b 2b -> 6a 9a 7b 8b       -0.0000002294     0.0000002064     0.0000000230    INVERTED
1a 2a 1b 2b -> 7a 8a 6b 9b       -0.0000002294     0.0000002064     0.0000000230    INVERTED
1a 2a 1b 2b -> 6a 9a 6b 9b        0.0000002987     0.0000002757     0.0000000230    
1a 2a 1b 2b -> 3a 4a 3b 4b        0.0000016761     0.0000016761     0.0000000000    
1a 2a 1b 2b -> 4a 5a 3b 4b       -0.0000001372     0.0000001372     0.0000000000    INVERTED
1a 2a 1b 2b -> 6a 8a 3b 4b       -0.0000007666     0.0000007288     0.0000000378    INVERTED
1a 2a 1b 2b -> 7a 9a 3b 4b       -0.0000007666    -0.0000007288     0.0000000378    
1a 2a 1b 2b -> 3a 10a 3b 4b       0.0000007378     0.0000007378     0.0000000000    
1a 2a 1b 2b -> 5a 10a 3b 4b      -0.0000022065     0.0000022065     0.0000000000    INVERTED
1a 2a 1b 2b -> 3a 4a 4b 5b       -0.0000001372     0.0000001372     0.0000000000    INVERTED
1a 2a 1b 2b -> 4a 5a 4b 5b        0.0000003767     0.0000003767     0.0000000000    
1a 2a 1b 2b -> 6a 8a 4b 5b        0.0000002970     0.0000002824     0.0000000146    
1a 2a 1b 2b -> 7a 9a 4b 5b        0.0000002970    -0.0000002824     0.0000000146    INVERTED
1a 2a 1b 2b -> 3a 10a 4b 5b       0.0000015885    -0.0000015885     0.0000000000    INVERTED
1a 2a 1b 2b -> 5a 10a 4b 5b       0.0000008046     0.0000008046     0.0000000000    
1a 2a 1b 2b -> 3a 4a 6b 8b       -0.0000007666     0.0000007288     0.0000000378    INVERTED
1a 2a 1b 2b -> 4a 5a 6b 8b        0.0000002970     0.0000002824     0.0000000146    
1a 2a 1b 2b -> 6a 8a 6b 8b        0.0000000593     0.0000000824     0.0000000230    
1a 2a 1b 2b -> 7a 9a 6b 8b       -0.0000000099    -0.0000000131     0.0000000032    
1a 2a 1b 2b -> 3a 10a 6b 8b      -0.0000004239     0.0000004030     0.0000000209    INVERTED
1a 2a 1b 2b -> 5a 10a 6b 8b      -0.0000001394    -0.0000001325     0.0000000069    
1a 2a 1b 2b -> 3a 4a 7b 9b       -0.0000007666    -0.0000007288     0.0000000378    
1a 2a 1b 2b -> 4a 5a 7b 9b        0.0000002970    -0.0000002824     0.0000000146    INVERTED
1a 2a 1b 2b -> 6a 8a 7b 9b       -0.0000000099    -0.0000000131     0.0000000032    
1a 2a 1b 2b -> 7a 9a 7b 9b        0.0000000593     0.0000000824     0.0000000230    
1a 2a 1b 2b -> 3a 10a 7b 9b      -0.0000004239    -0.0000004030     0.0000000209    
1a 2a 1b 2b -> 5a 10a 7b 9b      -0.0000001394     0.0000001325     0.0000000069    INVERTED
1a 2a 1b 2b -> 3a 4a 3b 10b       0.0000007378     0.0000007378     0.0000000000    
1a 2a 1b 2b -> 4a 5a 3b 10b       0.0000015885    -0.0000015885     0.0000000000    INVERTED
1a 2a 1b 2b -> 6a 8a 3b 10b      -0.0000004239     0.0000004030     0.0000000209    INVERTED
1a 2a 1b 2b -> 7a 9a 3b 10b      -0.0000004239    -0.0000004030     0.0000000209    
1a 2a 1b 2b -> 3a 10a 3b 10b     -0.0000010451    -0.0000010451     0.0000000000    
1a 2a 1b 2b -> 5a 10a 3b 10b     -0.0000010862     0.0000010862     0.0000000000    INVERTED
1a 2a 1b 2b -> 3a 4a 5b 10b      -0.0000022065     0.0000022065     0.0000000000    INVERTED
1a 2a 1b 2b -> 4a 5a 5b 10b       0.0000008046     0.0000008046     0.0000000000    
1a 2a 1b 2b -> 6a 8a 5b 10b      -0.0000001394    -0.0000001325     0.0000000069    
1a 2a 1b 2b -> 7a 9a 5b 10b      -0.0000001394     0.0000001325     0.0000000069    INVERTED
1a 2a 1b 2b -> 3a 10a 5b 10b     -0.0000010862     0.0000010862     0.0000000000    INVERTED
1a 2a 1b 2b -> 5a 10a 5b 10b      0.0000001336     0.0000001336     0.0000000000    
1a 2a 1b 2b -> 3a 6a 3b 6b        0.0000015957     0.0000015957     0.0000000000    
1a 2a 1b 2b -> 5a 6a 3b 6b       -0.0000001555     0.0000001555     0.0000000000    INVERTED
1a 2a 1b 2b -> 4a 8a 3b 6b        0.0000007305    -0.0000006944     0.0000000360    INVERTED
1a 2a 1b 2b -> 8a 10a 3b 6b       0.0000007898    -0.0000007509     0.0000000389    INVERTED
1a 2a 1b 2b -> 3a 6a 5b 6b       -0.0000001555     0.0000001555     0.0000000000    INVERTED
1a 2a 1b 2b -> 5a 6a 5b 6b        0.0000003843     0.0000003843     0.0000000000    
1a 2a 1b 2b -> 4a 8a 5b 6b        0.0000001690     0.0000001607     0.0000000083    
1a 2a 1b 2b -> 8a 10a 5b 6b       0.0000000358     0.0000000341     0.0000000018    
1a 2a 1b 2b -> 3a 6a 4b 8b        0.0000007305    -0.0000006944     0.0000000360    INVERTED
1a 2a 1b 2b -> 5a 6a 4b 8b        0.0000001690     0.0000001607     0.0000000083    
1a 2a 1b 2b -> 4a 8a 4b 8b        0.0000003826     0.0000003826     0.0000000000    
1a 2a 1b 2b -> 8a 10a 4b 8b      -0.0000006654    -0.0000006654     0.0000000000    
1a 2a 1b 2b -> 3a 6a 8b 10b       0.0000007898    -0.0000007509     0.0000000389    INVERTED
1a 2a 1b 2b -> 5a 6a 8b 10b       0.0000000358     0.0000000341     0.0000000018    
1a 2a 1b 2b -> 4a 8a 8b 10b      -0.0000006654    -0.0000006654     0.0000000000    
1a 2a 1b 2b -> 8a 10a 8b 10b      0.0000007167     0.0000007167     0.0000000000    
1a 2a 1b 2b -> 3a 7a 3b 7b        0.0000015957     0.0000015957     0.0000000000    
1a 2a 1b 2b -> 5a 7a 3b 7b       -0.0000001555     0.0000001555     0.0000000000    INVERTED
1a 2a 1b 2b -> 4a 9a 3b 7b        0.0000007305     0.0000006944     0.0000000360    
1a 2a 1b 2b -> 9a 10a 3b 7b       0.0000007898     0.0000007509     0.0000000389    
1a 2a 1b 2b -> 3a 7a 5b 7b       -0.0000001555     0.0000001555     0.0000000000    INVERTED
1a 2a 1b 2b -> 5a 7a 5b 7b        0.0000003843     0.0000003843     0.0000000000    
1a 2a 1b 2b -> 4a 9a 5b 7b        0.0000001690    -0.0000001607     0.0000000083    INVERTED
1a 2a 1b 2b -> 9a 10a 5b 7b       0.0000000358    -0.0000000341     0.0000000018    INVERTED
1a 2a 1b 2b -> 3a 7a 4b 9b        0.0000007305     0.0000006944     0.0000000360    
1a 2a 1b 2b -> 5a 7a 4b 9b        0.0000001690    -0.0000001607     0.0000000083    INVERTED
1a 2a 1b 2b -> 4a 9a 4b 9b        0.0000003826     0.0000003826     0.0000000000    
1a 2a 1b 2b -> 9a 10a 4b 9b      -0.0000006654    -0.0000006654     0.0000000000    
1a 2a 1b 2b -> 3a 7a 9b 10b       0.0000007898     0.0000007509     0.0000000389    
1a 2a 1b 2b -> 5a 7a 9b 10b       0.0000000358    -0.0000000341     0.0000000018    INVERTED
1a 2a 1b 2b -> 4a 9a 9b 10b      -0.0000006654    -0.0000006654     0.0000000000    
1a 2a 1b 2b -> 9a 10a 9b 10b      0.0000007167     0.0000007167     0.0000000000    
